d:\raytracing\visualizator\x64\debug\moc_linemesh.obj
d:\raytracing\visualizator\x64\debug\moc_visualizator.obj
d:\raytracing\visualizator\x64\debug\main.obj
d:\raytracing\visualizator\x64\debug\linemesh.obj
d:\raytracing\visualizator\x64\debug\visualizator.obj
d:\raytracing\visualizator\x64\debug\visualizator.pdb
d:\raytracing\x64\debug\visualizator.lib
d:\raytracing\visualizator\x64\debug\\moc\moc_visualizator.cpp
d:\raytracing\visualizator\x64\debug\\moc\moc_linemesh.cpp
d:\raytracing\visualizator\x64\debug\moc\moc_visualizator.cpp
d:\raytracing\visualizator\x64\debug\moc\moc_linemesh.cpp
d:\raytracing\x64\debug\visualizator.pdb
d:\raytracing\visualizator\x64\debug\visualizator.tlog\cl.command.1.tlog
d:\raytracing\visualizator\x64\debug\visualizator.tlog\cl.read.1.tlog
d:\raytracing\visualizator\x64\debug\visualizator.tlog\cl.write.1.tlog
d:\raytracing\visualizator\x64\debug\visualizator.tlog\lib-link.read.1.tlog
d:\raytracing\visualizator\x64\debug\visualizator.tlog\lib-link.write.1.tlog
d:\raytracing\visualizator\x64\debug\visualizator.tlog\lib.command.1.tlog
d:\raytracing\visualizator\x64\debug\visualizator.tlog\moc.read.1u.tlog
d:\raytracing\visualizator\x64\debug\visualizator.tlog\moc.write.1u.tlog
d:\raytracing\visualizator\x64\debug\visualizator.tlog\visualizator.write.1u.tlog
